Build started 2012/2/12 13:59:32.
     1>Project "F:\Dev\of_v007_rexgo\apps\addonTest\ofxBerkelium\ofxBerkelium.vcxproj" on node 2 (build target(s)).
     1>InitializeBuildStatus:
         Creating "obj\Release\ofxBerkelium.unsuccessfulbuild" because "AlwaysCreate" was specified.
       ClCompile:
         D:\Program Files (x86)\Microsoft Visual Studio 10.0\VC\bin\CL.exe /c /I..\..\..\libs\openFrameworks /I..\..\..\libs\openFrameworks\graphics /I..\..\..\libs\openFrameworks\app /I..\..\..\libs\openFrameworks\sound /I..\..\..\libs\openFrameworks\utils /I..\..\..\libs\openFrameworks\communication /I..\..\..\libs\openFrameworks\video /I..\..\..\libs\openFrameworks\math /I..\..\..\libs\openFrameworks\types /I..\..\..\libs\openFrameworks\events /I..\..\..\libs\glut\include /I..\..\..\libs\rtAudio\include /I..\..\..\libs\quicktime\include /I..\..\..\libs\freetype\include /I..\..\..\libs\freetype\include\freetype2 /I..\..\..\libs\freeImage\include /I..\..\..\libs\fmodex\include /I..\..\..\libs\videoInput\include /I..\..\..\libs\glew\include\ /I..\..\..\libs\glu\include /I..\..\..\libs\poco\include /I..\..\..\addons /I..\..\..\libs\openFrameworks\gl /I..\..\..\libs\openFrameworks\3d /I..\..\..\libs\tess2\include /I..\..\..\libs\cairo\include\cairo /I..\..\..\addons\ofxNetwork\src /I..\..\..\addons\ofxDirList\src /I..\..\..\addons\ofxObjLoader\src /I..\..\..\addons\ofxOpenCv\libs\opencv\include /I..\..\..\addons\ofxOpenCv\libs\opencv\include\opencv /I..\..\..\addons\ofxOpenCv\src /I..\..\..\addons\ofxOsc\src /I..\..\..\addons\ofxOsc\libs\oscpack\include\ip /I..\..\..\addons\ofxOsc\libs\oscpack\include\osc /I..\..\..\addons\ofxThread\src /I..\..\..\addons\ofxVectorGraphics\src /I..\..\..\addons\ofxVectorGraphics\libs /I..\..\..\addons\ofxVectorMath\src /I..\..\..\addons\ofxXMLSettings\libs /I..\..\..\addons\ofxXMLSettings\src /I..\..\..\addons\ofx3DModelLoader\src /I..\..\..\addons\ofx3DModelLoader\src\3DS /I..\..\..\addons\ofxAssimpModelLoader\src /I..\..\..\addons\ofxAssimpModelLoader\libs\assimp\include /I..\..\..\addons\ofxThreadedImageLoader\src /I..\..\..\apps\addonTest\ofxBerkelium\src\ofxBerkelium\src /I..\..\..\apps\addonTest\ofxBerkelium\src\ofxBerkelium\lib\include\berkelium /nologo /W3 /WX- /O2 /Oy- /D WIN32 /D NDEBUG /D _CONSOLE /D POCO_STATIC /D CAIRO_WIN32_STATIC_BUILD /D DISABLE_SOME_FLOATING_POINT /D _UNICODE /D UNICODE /Gm- /EHsc /MD /GS /fp:precise /Zc:wchar_t /Zc:forScope /Fo"obj\Release\\" /Fd"obj\Release\vc100.pdb" /Gd /TP /analyze- /errorReport:prompt src\testApp.cpp
         testApp.cpp
     1>f:\dev\of_v007_rexgo\apps\addontest\ofxberkelium\src\testApp.h(24): warning C4091: 'typedef ' : ignored on left of 'particle' when no variable is declared
       Link:
         D:\Program Files (x86)\Microsoft Visual Studio 10.0\VC\bin\link.exe /ERRORREPORT:PROMPT /OUT:"bin\ofxBerkelium.exe" /INCREMENTAL:NO /NOLOGO /LIBPATH:..\..\..\libs\glut\lib\vs2010 /LIBPATH:..\..\..\libs\rtAudio\lib\vs2010 /LIBPATH:..\..\..\libs\FreeImage\lib\vs2010 /LIBPATH:..\..\..\libs\freetype\lib\vs2010 /LIBPATH:..\..\..\libs\quicktime\lib\vs2010 /LIBPATH:..\..\..\libs\fmodex\lib\vs2010 /LIBPATH:..\..\..\libs\videoInput\lib\vs2010 /LIBPATH:..\..\..\libs\cairo\lib\vs2010 /LIBPATH:..\..\..\libs\glew\lib\vs2010 /LIBPATH:..\..\..\libs\glu\lib\vs2010 /LIBPATH:..\..\..\libs\Poco\lib\vs2010 /LIBPATH:..\..\..\libs\tess2\lib\vs2010 /LIBPATH:..\..\..\libs\openFrameworksCompiled\lib\vs2010 /LIBPATH:..\..\..\apps\addonTest\ofxBerkelium\src\ofxBerkelium\lib\lib openframeworksLib.lib "cairo-static.lib" "pixman-1.lib" msimg32.lib OpenGL32.lib GLu32.lib kernel32.lib setupapi.lib glut32.lib rtAudio.lib videoInput.lib libfreetype.lib FreeImage.lib qtmlClient.lib dsound.lib user32.lib gdi32.lib winspool.lib comdlg32.lib advapi32.lib shell32.lib ole32.lib oleaut32.lib uuid.lib glew32s.lib fmodex_vc.lib glu32.lib Vfw32.lib comctl32.lib PocoFoundationmd.lib PocoNetmd.lib PocoUtilmd.lib PocoXMLmd.lib Ws2_32.lib tess2.lib ..\..\..\addons\ofxOsc\libs\oscpack\lib\vs2010\oscpack.lib ..\..\..\addons\ofxAssimpModelLoader\libs\assimp\lib\vs2010\assimp.lib ..\..\..\addons\ofxOpenCv\libs\opencv\lib\vs2010\opencv_calib3d220.lib ..\..\..\addons\ofxOpenCv\libs\opencv\lib\vs2010\opencv_contrib220.lib ..\..\..\addons\ofxOpenCv\libs\opencv\lib\vs2010\opencv_core220.lib ..\..\..\addons\ofxOpenCv\libs\opencv\lib\vs2010\opencv_features2d220.lib ..\..\..\addons\ofxOpenCv\libs\opencv\lib\vs2010\opencv_flann220.lib ..\..\..\addons\ofxOpenCv\libs\opencv\lib\vs2010\opencv_gpu220.lib ..\..\..\addons\ofxOpenCv\libs\opencv\lib\vs2010\opencv_highgui220.lib ..\..\..\addons\ofxOpenCv\libs\opencv\lib\vs2010\opencv_imgproc220.lib ..\..\..\addons\ofxOpenCv\libs\opencv\lib\vs2010\opencv_legacy220.lib ..\..\..\addons\ofxOpenCv\libs\opencv\lib\vs2010\opencv_ml220.lib ..\..\..\addons\ofxOpenCv\libs\opencv\lib\vs2010\opencv_objdetect220.lib ..\..\..\addons\ofxOpenCv\libs\opencv\lib\vs2010\opencv_ts220.lib ..\..\..\addons\ofxOpenCv\libs\opencv\lib\vs2010\opencv_video220.lib ..\..\..\addons\ofxOpenCv\libs\opencv\lib\vs2010\opencv_lapack.lib ..\..\..\addons\ofxOpenCv\libs\opencv\lib\vs2010\zlib.lib berkelium.lib kernel32.lib user32.lib gdi32.lib winspool.lib comdlg32.lib advapi32.lib shell32.lib ole32.lib oleaut32.lib uuid.lib odbc32.lib odbccp32.lib /NODEFAULTLIB:atlthunk.lib /NODEFAULTLIB:LIBC.lib /NODEFAULTLIB:LIBCMT /MANIFEST /ManifestFile:"obj\Release\ofxBerkelium.exe.intermediate.manifest" /MANIFESTUAC:"level='asInvoker' uiAccess='false'" /PDB:"F:\Dev\of_v007_rexgo\apps\addonTest\ofxBerkelium\bin\ofxBerkelium.pdb" /SUBSYSTEM:CONSOLE /OPT:REF /OPT:ICF /TLBID:1 /DYNAMICBASE:NO /IMPLIB:"bin\ofxBerkelium.lib" /MACHINE:X86 obj\Release\ofxAssimpModelLoader.obj
         obj\Release\ofxCvHaarFinder.obj
         obj\Release\ofxThreadedImageLoader.obj
         obj\Release\main.obj
         obj\Release\ofxBerkelium.obj
         obj\Release\testApp.obj
         obj\Release\ofxXmlSettings.obj
         obj\Release\tinyxml.obj
         obj\Release\tinyxmlerror.obj
         obj\Release\tinyxmlparser.obj
         obj\Release\ofxTCPClient.obj
         obj\Release\ofxTCPManager.obj
         obj\Release\ofxTCPServer.obj
         obj\Release\ofxUDPManager.obj
         obj\Release\ofxOscBundle.obj
         obj\Release\ofxOscMessage.obj
         obj\Release\ofxOscReceiver.obj
         obj\Release\ofxOscSender.obj
         obj\Release\ofxCvColorImage.obj
         obj\Release\ofxCvContourFinder.obj
         obj\Release\ofxCvFloatImage.obj
         obj\Release\ofxCvGrayscaleImage.obj
         obj\Release\ofxCvImage.obj
         obj\Release\ofxCvShortImage.obj
         obj\Release\ofxVectorGraphics.obj
         obj\Release\CreEPS.obj
         obj\Release\ofx3dModelLoader.obj
         obj\Release\model3DS.obj
         obj\Release\texture3DS.obj
         F:\Dev\of_v007_rexgo\libs\openFrameworksCompiled\lib\vs2010\openframeworksLib.lib
            Creating library bin\ofxBerkelium.lib and object bin\ofxBerkelium.exp
         ofxBerkelium.vcxproj -> F:\Dev\of_v007_rexgo\apps\addonTest\ofxBerkelium\bin\ofxBerkelium.exe
       Manifest:
         C:\Program Files (x86)\Microsoft SDKs\Windows\v7.0A\bin\mt.exe /nologo /verbose /outputresource:"bin\ofxBerkelium.exe;#1" /manifest obj\Release\ofxBerkelium.exe.intermediate.manifest
       PostBuildEvent:
         Description: adding DLLs and creating data folder
         xcopy /e /i /y "F:\Dev\of_v007_rexgo\apps\addonTest\ofxBerkelium\\..\..\..\export\vs2010\*.dll" "F:\Dev\of_v007_rexgo\apps\addonTest\ofxBerkelium\\bin"
         if not exist "F:\Dev\of_v007_rexgo\apps\addonTest\ofxBerkelium\\bin\data" mkdir  "F:\Dev\of_v007_rexgo\apps\addonTest\ofxBerkelium\\bin\data"
         
         :VCEnd
         F:\Dev\of_v007_rexgo\apps\addonTest\ofxBerkelium\\..\..\..\export\vs2010\Assimp32.dll
         F:\Dev\of_v007_rexgo\apps\addonTest\ofxBerkelium\\..\..\..\export\vs2010\fmodex.dll
         F:\Dev\of_v007_rexgo\apps\addonTest\ofxBerkelium\\..\..\..\export\vs2010\fmodexL.dll
         F:\Dev\of_v007_rexgo\apps\addonTest\ofxBerkelium\\..\..\..\export\vs2010\FreeImage.dll
         F:\Dev\of_v007_rexgo\apps\addonTest\ofxBerkelium\\..\..\..\export\vs2010\FreeType-6.dll
         F:\Dev\of_v007_rexgo\apps\addonTest\ofxBerkelium\\..\..\..\export\vs2010\glut32.dll
         F:\Dev\of_v007_rexgo\apps\addonTest\ofxBerkelium\\..\..\..\export\vs2010\Zlib.dll
         复制了 7 个文件
       FinalizeBuildStatus:
         Deleting file "obj\Release\ofxBerkelium.unsuccessfulbuild".
         Touching "obj\Release\ofxBerkelium.lastbuildstate".
     1>Done Building Project "F:\Dev\of_v007_rexgo\apps\addonTest\ofxBerkelium\ofxBerkelium.vcxproj" (build target(s)).

Build succeeded.

Time Elapsed 00:00:08.01
